<?xml version="1.0" encoding="UTF-8"?>
<testsuite xmlns:xsi="http://www.w3.org/2001/XMLSchema-instance" xsi:noNamespaceSchemaLocation="https://maven.apache.org/surefire/maven-surefire-plugin/xsd/surefire-test-report-3.0.xsd" version="3.0" name="com.alquama00s.snowflakeId.SnowFlakeTest" time="0.095" tests="74" errors="0" skipped="0" failures="0">
  <properties>
    <property name="java.specification.version" value="21"/>
    <property name="sun.jnu.encoding" value="UTF-8"/>
    <property name="java.class.path" value="/Users/commandcenter/Workspace/snowflakeId/target/test-classes:/Users/commandcenter/Workspace/snowflakeId/target/classes:/Users/commandcenter/.m2/repository/org/projectlombok/lombok/1.18.34/lombok-1.18.34.jar:/Users/commandcenter/.m2/repository/org/junit/jupiter/junit-jupiter-engine/5.11.1/junit-jupiter-engine-5.11.1.jar:/Users/commandcenter/.m2/repository/org/junit/platform/junit-platform-engine/1.11.1/junit-platform-engine-1.11.1.jar:/Users/commandcenter/.m2/repository/org/opentest4j/opentest4j/1.3.0/opentest4j-1.3.0.jar:/Users/commandcenter/.m2/repository/org/junit/platform/junit-platform-commons/1.11.1/junit-platform-commons-1.11.1.jar:/Users/commandcenter/.m2/repository/org/junit/jupiter/junit-jupiter-api/5.11.1/junit-jupiter-api-5.11.1.jar:/Users/commandcenter/.m2/repository/org/apiguardian/apiguardian-api/1.1.2/apiguardian-api-1.1.2.jar:/Users/commandcenter/.m2/repository/org/junit/jupiter/junit-jupiter-params/5.11.1/junit-jupiter-params-5.11.1.jar:/Users/commandcenter/.m2/repository/org/apache/commons/commons-lang3/3.17.0/commons-lang3-3.17.0.jar:"/>
    <property name="java.vm.vendor" value="Eclipse Adoptium"/>
    <property name="sun.arch.data.model" value="64"/>
    <property name="java.vendor.url" value="https://adoptium.net/"/>
    <property name="os.name" value="Mac OS X"/>
    <property name="java.vm.specification.version" value="21"/>
    <property name="sun.java.launcher" value="SUN_STANDARD"/>
    <property name="user.country" value="GB"/>
    <property name="sun.boot.library.path" value="/Users/commandcenter/.gradle/jdks/eclipse_adoptium-21-x86_64-os_x.2/jdk-21.0.4+7/Contents/Home/lib"/>
    <property name="sun.java.command" value="/Users/commandcenter/Workspace/snowflakeId/target/surefire/surefirebooter-20241001190255865_3.jar /Users/commandcenter/Workspace/snowflakeId/target/surefire 2024-10-01T19-02-55_774-jvmRun1 surefire-20241001190255865_1tmp surefire_0-20241001190255865_2tmp"/>
    <property name="http.nonProxyHosts" value="local|*.local|169.254/16|*.169.254/16"/>
    <property name="jdk.debug" value="release"/>
    <property name="surefire.test.class.path" value="/Users/commandcenter/Workspace/snowflakeId/target/test-classes:/Users/commandcenter/Workspace/snowflakeId/target/classes:/Users/commandcenter/.m2/repository/org/projectlombok/lombok/1.18.34/lombok-1.18.34.jar:/Users/commandcenter/.m2/repository/org/junit/jupiter/junit-jupiter-engine/5.11.1/junit-jupiter-engine-5.11.1.jar:/Users/commandcenter/.m2/repository/org/junit/platform/junit-platform-engine/1.11.1/junit-platform-engine-1.11.1.jar:/Users/commandcenter/.m2/repository/org/opentest4j/opentest4j/1.3.0/opentest4j-1.3.0.jar:/Users/commandcenter/.m2/repository/org/junit/platform/junit-platform-commons/1.11.1/junit-platform-commons-1.11.1.jar:/Users/commandcenter/.m2/repository/org/junit/jupiter/junit-jupiter-api/5.11.1/junit-jupiter-api-5.11.1.jar:/Users/commandcenter/.m2/repository/org/apiguardian/apiguardian-api/1.1.2/apiguardian-api-1.1.2.jar:/Users/commandcenter/.m2/repository/org/junit/jupiter/junit-jupiter-params/5.11.1/junit-jupiter-params-5.11.1.jar:/Users/commandcenter/.m2/repository/org/apache/commons/commons-lang3/3.17.0/commons-lang3-3.17.0.jar:"/>
    <property name="sun.cpu.endian" value="little"/>
    <property name="user.home" value="/Users/commandcenter"/>
    <property name="user.language" value="en"/>
    <property name="java.specification.vendor" value="Oracle Corporation"/>
    <property name="java.version.date" value="2024-07-16"/>
    <property name="java.home" value="/Users/commandcenter/.gradle/jdks/eclipse_adoptium-21-x86_64-os_x.2/jdk-21.0.4+7/Contents/Home"/>
    <property name="file.separator" value="/"/>
    <property name="basedir" value="/Users/commandcenter/Workspace/snowflakeId"/>
    <property name="java.vm.compressedOopsMode" value="Zero based"/>
    <property name="line.separator" value="&#10;"/>
    <property name="java.vm.specification.vendor" value="Oracle Corporation"/>
    <property name="java.specification.name" value="Java Platform API Specification"/>
    <property name="apple.awt.application.name" value="ForkedBooter"/>
    <property name="surefire.real.class.path" value="/Users/commandcenter/Workspace/snowflakeId/target/surefire/surefirebooter-20241001190255865_3.jar"/>
    <property name="sun.management.compiler" value="HotSpot 64-Bit Tiered Compilers"/>
    <property name="ftp.nonProxyHosts" value="local|*.local|169.254/16|*.169.254/16"/>
    <property name="java.runtime.version" value="21.0.4+7-LTS"/>
    <property name="user.name" value="commandcenter"/>
    <property name="stdout.encoding" value="UTF-8"/>
    <property name="path.separator" value=":"/>
    <property name="os.version" value="14.5"/>
    <property name="java.runtime.name" value="OpenJDK Runtime Environment"/>
    <property name="file.encoding" value="UTF-8"/>
    <property name="java.vm.name" value="OpenJDK 64-Bit Server VM"/>
    <property name="java.vendor.version" value="Temurin-21.0.4+7"/>
    <property name="localRepository" value="/Users/commandcenter/.m2/repository"/>
    <property name="java.vendor.url.bug" value="https://github.com/adoptium/adoptium-support/issues"/>
    <property name="java.io.tmpdir" value="/var/folders/1c/b14n6hhs24n07g27238hlhww0000gp/T/"/>
    <property name="idea.version" value="2023.3.8"/>
    <property name="java.version" value="21.0.4"/>
    <property name="user.dir" value="/Users/commandcenter/Workspace/snowflakeId"/>
    <property name="os.arch" value="x86_64"/>
    <property name="java.vm.specification.name" value="Java Virtual Machine Specification"/>
    <property name="native.encoding" value="UTF-8"/>
    <property name="java.library.path" value="/Users/commandcenter/Library/Java/Extensions:/Library/Java/Extensions:/Network/Library/Java/Extensions:/System/Library/Java/Extensions:/usr/lib/java:."/>
    <property name="java.vm.info" value="mixed mode"/>
    <property name="stderr.encoding" value="UTF-8"/>
    <property name="java.vendor" value="Eclipse Adoptium"/>
    <property name="java.vm.version" value="21.0.4+7-LTS"/>
    <property name="sun.io.unicode.encoding" value="UnicodeBig"/>
    <property name="socksNonProxyHosts" value="local|*.local|169.254/16|*.169.254/16"/>
    <property name="java.class.version" value="65.0"/>
  </properties>
  <testcase name="testNonDuplicate(SnowFlake)[1]" classname="com.alquama00s.snowflakeId.SnowFlakeTest" time="0.001"/>
  <testcase name="testNonDuplicate(SnowFlake)[2]" classname="com.alquama00s.snowflakeId.SnowFlakeTest" time="0.0"/>
  <testcase name="testNonDuplicate(SnowFlake)[3]" classname="com.alquama00s.snowflakeId.SnowFlakeTest" time="0.0"/>
  <testcase name="testNonDuplicate(SnowFlake)[4]" classname="com.alquama00s.snowflakeId.SnowFlakeTest" time="0.0"/>
  <testcase name="testNonDuplicate(SnowFlake)[5]" classname="com.alquama00s.snowflakeId.SnowFlakeTest" time="0.0"/>
  <testcase name="testNonDuplicate(SnowFlake)[6]" classname="com.alquama00s.snowflakeId.SnowFlakeTest" time="0.001"/>
  <testcase name="testNonDuplicate(SnowFlake)[7]" classname="com.alquama00s.snowflakeId.SnowFlakeTest" time="0.001"/>
  <testcase name="testNonDuplicate(SnowFlake)[8]" classname="com.alquama00s.snowflakeId.SnowFlakeTest" time="0.001"/>
  <testcase name="testNonDuplicate(SnowFlake)[9]" classname="com.alquama00s.snowflakeId.SnowFlakeTest" time="0.001"/>
  <testcase name="testNonDuplicate(SnowFlake)[10]" classname="com.alquama00s.snowflakeId.SnowFlakeTest" time="0.001"/>
  <testcase name="testNonDuplicate(SnowFlake)[11]" classname="com.alquama00s.snowflakeId.SnowFlakeTest" time="0.001"/>
  <testcase name="testNonDuplicate(SnowFlake)[12]" classname="com.alquama00s.snowflakeId.SnowFlakeTest" time="0.001"/>
  <testcase name="testNonDuplicate(SnowFlake)[13]" classname="com.alquama00s.snowflakeId.SnowFlakeTest" time="0.001"/>
  <testcase name="testNonDuplicate(SnowFlake)[14]" classname="com.alquama00s.snowflakeId.SnowFlakeTest" time="0.0"/>
  <testcase name="testNonDuplicate(SnowFlake)[15]" classname="com.alquama00s.snowflakeId.SnowFlakeTest" time="0.001"/>
  <testcase name="testNonDuplicate(SnowFlake)[16]" classname="com.alquama00s.snowflakeId.SnowFlakeTest" time="0.001"/>
  <testcase name="testNonDuplicate(SnowFlake)[17]" classname="com.alquama00s.snowflakeId.SnowFlakeTest" time="0.001"/>
  <testcase name="testNonDuplicate(SnowFlake)[18]" classname="com.alquama00s.snowflakeId.SnowFlakeTest" time="0.001"/>
  <testcase name="testNonDuplicate(SnowFlake)[19]" classname="com.alquama00s.snowflakeId.SnowFlakeTest" time="0.001"/>
  <testcase name="testNonDuplicate(SnowFlake)[20]" classname="com.alquama00s.snowflakeId.SnowFlakeTest" time="0.001"/>
  <testcase name="testNonDuplicate(SnowFlake)[21]" classname="com.alquama00s.snowflakeId.SnowFlakeTest" time="0.001"/>
  <testcase name="testNonDuplicate(SnowFlake)[22]" classname="com.alquama00s.snowflakeId.SnowFlakeTest" time="0.001"/>
  <testcase name="testNonDuplicate(SnowFlake)[23]" classname="com.alquama00s.snowflakeId.SnowFlakeTest" time="0.001"/>
  <testcase name="testNonDuplicate(SnowFlake)[24]" classname="com.alquama00s.snowflakeId.SnowFlakeTest" time="0.001"/>
  <testcase name="testNonDuplicate(SnowFlake)[25]" classname="com.alquama00s.snowflakeId.SnowFlakeTest" time="0.001"/>
  <testcase name="testNonDuplicate(SnowFlake)[26]" classname="com.alquama00s.snowflakeId.SnowFlakeTest" time="0.001"/>
  <testcase name="testNonDuplicate(SnowFlake)[27]" classname="com.alquama00s.snowflakeId.SnowFlakeTest" time="0.001"/>
  <testcase name="testNonDuplicate(SnowFlake)[28]" classname="com.alquama00s.snowflakeId.SnowFlakeTest" time="0.0"/>
  <testcase name="testNonDuplicate(SnowFlake)[29]" classname="com.alquama00s.snowflakeId.SnowFlakeTest" time="0.0"/>
  <testcase name="testNonDuplicate(SnowFlake)[30]" classname="com.alquama00s.snowflakeId.SnowFlakeTest" time="0.0"/>
  <testcase name="testNonDuplicate(SnowFlake)[31]" classname="com.alquama00s.snowflakeId.SnowFlakeTest" time="0.002"/>
  <testcase name="testNonDuplicate(SnowFlake)[32]" classname="com.alquama00s.snowflakeId.SnowFlakeTest" time="0.001"/>
  <testcase name="testNonDuplicate(SnowFlake)[33]" classname="com.alquama00s.snowflakeId.SnowFlakeTest" time="0.001"/>
  <testcase name="testNonDuplicate(SnowFlake)[34]" classname="com.alquama00s.snowflakeId.SnowFlakeTest" time="0.001"/>
  <testcase name="testNonDuplicate(SnowFlake)[35]" classname="com.alquama00s.snowflakeId.SnowFlakeTest" time="0.001"/>
  <testcase name="testNonDuplicate(SnowFlake)[36]" classname="com.alquama00s.snowflakeId.SnowFlakeTest" time="0.001"/>
  <testcase name="testIdNotNull(SnowFlake)[1]" classname="com.alquama00s.snowflakeId.SnowFlakeTest" time="0.001"/>
  <testcase name="testIdNotNull(SnowFlake)[2]" classname="com.alquama00s.snowflakeId.SnowFlakeTest" time="0.0"/>
  <testcase name="testIdNotNull(SnowFlake)[3]" classname="com.alquama00s.snowflakeId.SnowFlakeTest" time="0.0"/>
  <testcase name="testIdNotNull(SnowFlake)[4]" classname="com.alquama00s.snowflakeId.SnowFlakeTest" time="0.0"/>
  <testcase name="testIdNotNull(SnowFlake)[5]" classname="com.alquama00s.snowflakeId.SnowFlakeTest" time="0.0"/>
  <testcase name="testIdNotNull(SnowFlake)[6]" classname="com.alquama00s.snowflakeId.SnowFlakeTest" time="0.001"/>
  <testcase name="testIdNotNull(SnowFlake)[7]" classname="com.alquama00s.snowflakeId.SnowFlakeTest" time="0.001"/>
  <testcase name="testIdNotNull(SnowFlake)[8]" classname="com.alquama00s.snowflakeId.SnowFlakeTest" time="0.001"/>
  <testcase name="testIdNotNull(SnowFlake)[9]" classname="com.alquama00s.snowflakeId.SnowFlakeTest" time="0.001"/>
  <testcase name="testIdNotNull(SnowFlake)[10]" classname="com.alquama00s.snowflakeId.SnowFlakeTest" time="0.001"/>
  <testcase name="testIdNotNull(SnowFlake)[11]" classname="com.alquama00s.snowflakeId.SnowFlakeTest" time="0.001"/>
  <testcase name="testIdNotNull(SnowFlake)[12]" classname="com.alquama00s.snowflakeId.SnowFlakeTest" time="0.0"/>
  <testcase name="testIdNotNull(SnowFlake)[13]" classname="com.alquama00s.snowflakeId.SnowFlakeTest" time="0.0"/>
  <testcase name="testIdNotNull(SnowFlake)[14]" classname="com.alquama00s.snowflakeId.SnowFlakeTest" time="0.0"/>
  <testcase name="testIdNotNull(SnowFlake)[15]" classname="com.alquama00s.snowflakeId.SnowFlakeTest" time="0.0"/>
  <testcase name="testIdNotNull(SnowFlake)[16]" classname="com.alquama00s.snowflakeId.SnowFlakeTest" time="0.0"/>
  <testcase name="testIdNotNull(SnowFlake)[17]" classname="com.alquama00s.snowflakeId.SnowFlakeTest" time="0.0"/>
  <testcase name="testIdNotNull(SnowFlake)[18]" classname="com.alquama00s.snowflakeId.SnowFlakeTest" time="0.001"/>
  <testcase name="testIdNotNull(SnowFlake)[19]" classname="com.alquama00s.snowflakeId.SnowFlakeTest" time="0.001"/>
  <testcase name="testIdNotNull(SnowFlake)[20]" classname="com.alquama00s.snowflakeId.SnowFlakeTest" time="0.001"/>
  <testcase name="testIdNotNull(SnowFlake)[21]" classname="com.alquama00s.snowflakeId.SnowFlakeTest" time="0.001"/>
  <testcase name="testIdNotNull(SnowFlake)[22]" classname="com.alquama00s.snowflakeId.SnowFlakeTest" time="0.001"/>
  <testcase name="testIdNotNull(SnowFlake)[23]" classname="com.alquama00s.snowflakeId.SnowFlakeTest" time="0.0"/>
  <testcase name="testIdNotNull(SnowFlake)[24]" classname="com.alquama00s.snowflakeId.SnowFlakeTest" time="0.0"/>
  <testcase name="testIdNotNull(SnowFlake)[25]" classname="com.alquama00s.snowflakeId.SnowFlakeTest" time="0.0"/>
  <testcase name="testIdNotNull(SnowFlake)[26]" classname="com.alquama00s.snowflakeId.SnowFlakeTest" time="0.001"/>
  <testcase name="testIdNotNull(SnowFlake)[27]" classname="com.alquama00s.snowflakeId.SnowFlakeTest" time="0.001"/>
  <testcase name="testIdNotNull(SnowFlake)[28]" classname="com.alquama00s.snowflakeId.SnowFlakeTest" time="0.001"/>
  <testcase name="testIdNotNull(SnowFlake)[29]" classname="com.alquama00s.snowflakeId.SnowFlakeTest" time="0.001"/>
  <testcase name="testIdNotNull(SnowFlake)[30]" classname="com.alquama00s.snowflakeId.SnowFlakeTest" time="0.001"/>
  <testcase name="testIdNotNull(SnowFlake)[31]" classname="com.alquama00s.snowflakeId.SnowFlakeTest" time="0.001"/>
  <testcase name="testIdNotNull(SnowFlake)[32]" classname="com.alquama00s.snowflakeId.SnowFlakeTest" time="0.001"/>
  <testcase name="testIdNotNull(SnowFlake)[33]" classname="com.alquama00s.snowflakeId.SnowFlakeTest" time="0.001"/>
  <testcase name="testIdNotNull(SnowFlake)[34]" classname="com.alquama00s.snowflakeId.SnowFlakeTest" time="0.001"/>
  <testcase name="testIdNotNull(SnowFlake)[35]" classname="com.alquama00s.snowflakeId.SnowFlakeTest" time="0.001"/>
  <testcase name="testIdNotNull(SnowFlake)[36]" classname="com.alquama00s.snowflakeId.SnowFlakeTest" time="0.001"/>
  <testcase name="testNonDuplicate" classname="com.alquama00s.snowflakeId.SnowFlakeTest" time="0.002"/>
  <testcase name="testIdNotNull" classname="com.alquama00s.snowflakeId.SnowFlakeTest" time="0.001"/>
</testsuite>